<?xml version="1.0" encoding="UTF-8"?>
<!-- Generated by org.testng.reporters.JUnitReportReporter -->
<testsuite hostname="DESKTOP-B5FM7CD" failures="0" tests="1" name="TestCases.FileUpLoadDemo2" time="3.565" errors="0" timestamp="2024-05-01T16:38:56 CET" skipped="0">
  <testcase classname="TestCases.FileUpLoadDemo2" name="fileUploadTest" time="3.565"/>
</testsuite> <!-- TestCases.FileUpLoadDemo2 -->
